# JRE version: Java(TM) SE Runtime Environment (7.0_67-b01) (build 1.7.0_67-b01)
# Java VM: Java HotSpot(TM) 64-Bit Server VM (24.65-b04 mixed mode bsd-amd64 compressed oops)
Heap
 PSYoungGen      total 145920K, used 93486K [0x00000007d5500000, 0x00000007e8000000, 0x0000000800000000)
  eden space 132096K, 60% used [0x00000007d5500000,0x00000007da2d1048,0x00000007dd600000)
  from space 13824K, 99% used [0x00000007dd600000,0x00000007de37aad0,0x00000007de380000)
  to   space 20992K, 0% used [0x00000007e6b80000,0x00000007e6b80000,0x00000007e8000000)
 ParOldGen       total 87040K, used 23822K [0x0000000780000000, 0x0000000785500000, 0x00000007d5500000)
  object space 87040K, 27% used [0x0000000780000000,0x0000000781743a50,0x0000000785500000)
 PSPermGen       total 46592K, used 46345K [0x000000077ae00000, 0x000000077db80000, 0x0000000780000000)
  object space 46592K, 99% used [0x000000077ae00000,0x000000077db42538,0x000000077db80000)
GC Heap History (10 events):
Event: 2.048 GC heap before
{Heap before GC invocations=3 (full 0):
 PSYoungGen      total 38912K, used 38883K [0x00000007d5500000, 0x00000007da100000, 0x0000000800000000)
  eden space 33792K, 100% used [0x00000007d5500000,0x00000007d7600000,0x00000007d7600000)
  from space 5120K, 99% used [0x00000007d7b00000,0x00000007d7ff8ca8,0x00000007d8000000)
  to   space 5120K, 0% used [0x00000007d7600000,0x00000007d7600000,0x00000007d7b00000)
 ParOldGen       total 87040K, used 1671K [0x0000000780000000, 0x0000000785500000, 0x00000007d5500000)
  object space 87040K, 1% used [0x0000000780000000,0x00000007801a1df8,0x0000000785500000)
 PSPermGen       total 21504K, used 13731K [0x000000077ae00000, 0x000000077c300000, 0x0000000780000000)
  object space 21504K, 63% used [0x000000077ae00000,0x000000077bb68e68,0x000000077c300000)
Event: 2.056 GC heap after
Heap after GC invocations=3 (full 0):
 PSYoungGen      total 38912K, used 5104K [0x00000007d5500000, 0x00000007da100000, 0x0000000800000000)
  eden space 33792K, 0% used [0x00000007d5500000,0x00000007d5500000,0x00000007d7600000)
  from space 5120K, 99% used [0x00000007d7600000,0x00000007d7afc010,0x00000007d7b00000)
  to   space 5120K, 0% used [0x00000007d9c00000,0x00000007d9c00000,0x00000007da100000)
 ParOldGen       total 87040K, used 3121K [0x0000000780000000, 0x0000000785500000, 0x00000007d5500000)
  object space 87040K, 3% used [0x0000000780000000,0x000000078030c520,0x0000000785500000)
 PSPermGen       total 21504K, used 13731K [0x000000077ae00000, 0x000000077c300000, 0x0000000780000000)
  object space 21504K, 63% used [0x000000077ae00000,0x000000077bb68e68,0x000000077c300000)
}
Event: 2.464 GC heap before
{Heap before GC invocations=4 (full 0):
 PSYoungGen      total 38912K, used 38896K [0x00000007d5500000, 0x00000007da100000, 0x0000000800000000)
  eden space 33792K, 100% used [0x00000007d5500000,0x00000007d7600000,0x00000007d7600000)
  from space 5120K, 99% used [0x00000007d7600000,0x00000007d7afc010,0x00000007d7b00000)
  to   space 5120K, 0% used [0x00000007d9c00000,0x00000007d9c00000,0x00000007da100000)
 ParOldGen       total 87040K, used 3121K [0x0000000780000000, 0x0000000785500000, 0x00000007d5500000)
  object space 87040K, 3% used [0x0000000780000000,0x000000078030c520,0x0000000785500000)
 PSPermGen       total 21504K, used 13957K [0x000000077ae00000, 0x000000077c300000, 0x0000000780000000)
  object space 21504K, 64% used [0x000000077ae00000,0x000000077bba1760,0x000000077c300000)
Event: 2.475 GC heap after
Heap after GC invocations=4 (full 0):
 PSYoungGen      total 72704K, used 5104K [0x00000007d5500000, 0x00000007da100000, 0x0000000800000000)
  eden space 67584K, 0% used [0x00000007d5500000,0x00000007d5500000,0x00000007d9700000)
  from space 5120K, 99% used [0x00000007d9c00000,0x00000007da0fc010,0x00000007da100000)
  to   space 5120K, 0% used [0x00000007d9700000,0x00000007d9700000,0x00000007d9c00000)
 ParOldGen       total 87040K, used 5398K [0x0000000780000000, 0x0000000785500000, 0x00000007d5500000)
  object space 87040K, 6% used [0x0000000780000000,0x0000000780545b38,0x0000000785500000)
 PSPermGen       total 21504K, used 13957K [0x000000077ae00000, 0x000000077c300000, 0x0000000780000000)
  object space 21504K, 64% used [0x000000077ae00000,0x000000077bba1760,0x000000077c300000)
}
Event: 3.838 GC heap before
{Heap before GC invocations=5 (full 0):
 PSYoungGen      total 72704K, used 72688K [0x00000007d5500000, 0x00000007da100000, 0x0000000800000000)
  eden space 67584K, 100% used [0x00000007d5500000,0x00000007d9700000,0x00000007d9700000)
  from space 5120K, 99% used [0x00000007d9c00000,0x00000007da0fc010,0x00000007da100000)
  to   space 5120K, 0% used [0x00000007d9700000,0x00000007d9700000,0x00000007d9c00000)
 ParOldGen       total 87040K, used 5398K [0x0000000780000000, 0x0000000785500000, 0x00000007d5500000)
  object space 87040K, 6% used [0x0000000780000000,0x0000000780545b38,0x0000000785500000)
 PSPermGen       total 21504K, used 17969K [0x000000077ae00000, 0x000000077c300000, 0x0000000780000000)
  object space 21504K, 83% used [0x000000077ae00000,0x000000077bf8c540,0x000000077c300000)
Event: 3.855 GC heap after
Heap after GC invocations=5 (full 0):
 PSYoungGen      total 72704K, used 5104K [0x00000007d5500000, 0x00000007dee00000, 0x0000000800000000)
  eden space 67584K, 0% used [0x00000007d5500000,0x00000007d5500000,0x00000007d9700000)
  from space 5120K, 99% used [0x00000007d9700000,0x00000007d9bfc030,0x00000007d9c00000)
  to   space 10752K, 0% used [0x00000007de380000,0x00000007de380000,0x00000007dee00000)
 ParOldGen       total 87040K, used 10596K [0x0000000780000000, 0x0000000785500000, 0x00000007d5500000)
  object space 87040K, 12% used [0x0000000780000000,0x0000000780a59378,0x0000000785500000)
 PSPermGen       total 21504K, used 17969K [0x000000077ae00000, 0x000000077c300000, 0x0000000780000000)
  object space 21504K, 83% used [0x000000077ae00000,0x000000077bf8c540,0x000000077c300000)
}
Event: 5.189 GC heap before
{Heap before GC invocations=6 (full 0):
 PSYoungGen      total 72704K, used 72688K [0x00000007d5500000, 0x00000007dee00000, 0x0000000800000000)
  eden space 67584K, 100% used [0x00000007d5500000,0x00000007d9700000,0x00000007d9700000)
  from space 5120K, 99% used [0x00000007d9700000,0x00000007d9bfc030,0x00000007d9c00000)
  to   space 10752K, 0% used [0x00000007de380000,0x00000007de380000,0x00000007dee00000)
 ParOldGen       total 87040K, used 10596K [0x0000000780000000, 0x0000000785500000, 0x00000007d5500000)
  object space 87040K, 12% used [0x0000000780000000,0x0000000780a59378,0x0000000785500000)
 PSPermGen       total 28672K, used 28263K [0x000000077ae00000, 0x000000077ca00000, 0x0000000780000000)
  object space 28672K, 98% used [0x000000077ae00000,0x000000077c999ff8,0x000000077ca00000)
Event: 5.214 GC heap after
Heap after GC invocations=6 (full 0):
 PSYoungGen      total 142848K, used 10744K [0x00000007d5500000, 0x00000007df400000, 0x0000000800000000)
  eden space 132096K, 0% used [0x00000007d5500000,0x00000007d5500000,0x00000007dd600000)
  from space 10752K, 99% used [0x00000007de380000,0x00000007dedfe110,0x00000007dee00000)
  to   space 13824K, 0% used [0x00000007dd600000,0x00000007dd600000,0x00000007de380000)
 ParOldGen       total 87040K, used 13353K [0x0000000780000000, 0x0000000785500000, 0x00000007d5500000)
  object space 87040K, 15% used [0x0000000780000000,0x0000000780d0a618,0x0000000785500000)
 PSPermGen       total 28672K, used 28263K [0x000000077ae00000, 0x000000077ca00000, 0x0000000780000000)
  object space 28672K, 98% used [0x000000077ae00000,0x000000077c999ff8,0x000000077ca00000)
}
Event: 7.049 GC heap before
{Heap before GC invocations=7 (full 0):
 PSYoungGen      total 142848K, used 142840K [0x00000007d5500000, 0x00000007df400000, 0x0000000800000000)
  eden space 132096K, 100% used [0x00000007d5500000,0x00000007dd600000,0x00000007dd600000)
  from space 10752K, 99% used [0x00000007de380000,0x00000007dedfe110,0x00000007dee00000)
  to   space 13824K, 0% used [0x00000007dd600000,0x00000007dd600000,0x00000007de380000)
 ParOldGen       total 87040K, used 13353K [0x0000000780000000, 0x0000000785500000, 0x00000007d5500000)
  object space 87040K, 15% used [0x0000000780000000,0x0000000780d0a618,0x0000000785500000)
 PSPermGen       total 40960K, used 40583K [0x000000077ae00000, 0x000000077d600000, 0x0000000780000000)
  object space 40960K, 99% used [0x000000077ae00000,0x000000077d5a1fd0,0x000000077d600000)
Event: 7.083 GC heap after
Heap after GC invocations=7 (full 0):
 PSYoungGen      total 145920K, used 13802K [0x00000007d5500000, 0x00000007e8000000, 0x0000000800000000)
  eden space 132096K, 0% used [0x00000007d5500000,0x00000007d5500000,0x00000007dd600000)
  from space 13824K, 99% used [0x00000007dd600000,0x00000007de37aad0,0x00000007de380000)
  to   space 20992K, 0% used [0x00000007e6b80000,0x00000007e6b80000,0x00000007e8000000)
 ParOldGen       total 87040K, used 23822K [0x0000000780000000, 0x0000000785500000, 0x00000007d5500000)
  object space 87040K, 27% used [0x0000000780000000,0x0000000781743a50,0x0000000785500000)
 PSPermGen       total 40960K, used 40583K [0x000000077ae00000, 0x000000077d600000, 0x0000000780000000)
  object space 40960K, 99% used [0x000000077ae00000,0x000000077d5a1fd0,0x000000077d600000)
}

